<?xml version="1.0" encoding="UTF-8"?>
<!-- Generated by org.testng.reporters.JUnitXMLReporter -->
<testsuite ignored="0" hostname="LAPTOP-07R9VU7F" failures="0" tests="18" name="Test" time="202.145" errors="0" timestamp="2023-11-11T21:28:17 EST">
  <testcase classname="com.naveenautomation.pageTests.HomePageTest" name="validateCartMessage" time="3.76"/>
  <testcase classname="com.naveenautomation.pageTests.HomePageTest" name="validateContactUsEnquiryMessage" time="5.716"/>
  <testcase classname="com.naveenautomation.pageTests.HomePageTest" name="validateUserCanLogout" time="4.444"/>
  <testcase classname="com.naveenautomation.pageTests.ForgetPasswordTest" name="validateUserCannotChangePwdWithInValidCredentials" time="1.252"/>
  <testcase classname="com.naveenautomation.pageTests.LoginPageTest" name="validateUserCanAccessFwdPwdWithValidCredentials" time="1.673"/>
  <testcase classname="com.naveenautomation.pageTests.LoginPageTest" name="validateUserCanNotLoginWithInValidCredentials" time="0.899"/>
  <testcase classname="com.naveenautomation.pageTests.AccountPageTest" name="validateAccountDownloadsMessage" time="2.354"/>
  <testcase classname="com.naveenautomation.pageTests.AccountPageTest" name="validateLoginWithMultipleCredentials" time="1.134"/>
  <testcase classname="com.naveenautomation.pageTests.AccountPageTest" name="validateLoginWithMultipleCredentials" time="1.407"/>
  <testcase classname="com.naveenautomation.pageTests.AccountPageTest" name="validateLoginWithMultipleCredentials" time="1.29"/>
  <testcase classname="com.naveenautomation.pageTests.AccountPageTest" name="validatePaymentsMessage" time="2.423"/>
  <testcase classname="com.naveenautomation.pageTests.AccountPageTest" name="validateProductReturnMessage" time="2.447"/>
  <testcase classname="com.naveenautomation.pageTests.AccountPageTest" name="validateTransactionsPageMessage" time="2.852"/>
  <testcase classname="com.naveenautomation.pageTests.AccountPageTest" name="validateUserCanChangePassword" time="2.878"/>
  <testcase classname="com.naveenautomation.pageTests.AccountPageTest" name="validateUserCanLoginWithValidCredentials" time="1.566"/>
  <testcase classname="com.naveenautomation.pageTests.AccountPageTest" name="validateUserCanSubscribeNewsLetter" time="3.505"/>
  <testcase classname="com.naveenautomation.pageTests.AccountPageTest" name="validateUserCanUpdatePersonalInfo" time="3.487"/>
  <testcase classname="com.naveenautomation.pageTests.AccountPageTest" name="validateWishListMessage" time="2.571"/>
</testsuite> <!-- Test -->
