<?xml version="1.0" encoding="UTF-8"?>
<testng-results ignored="0" total="18" passed="18" failed="0" skipped="0">
  <reporter-output>
  </reporter-output>
  <suite started-at="2023-11-11T21:24:54 EST" name="Suite" finished-at="2023-11-11T21:28:17 EST" duration-ms="202145">
    <groups>
    </groups>
    <test started-at="2023-11-11T21:24:54 EST" name="Test" finished-at="2023-11-11T21:28:17 EST" duration-ms="202145">
      <class name="com.naveenautomation.pageTests.HomePageTest">
        <test-method is-config="true" signature="loggerSteup()[pri:0, instance:com.naveenautomation.pageTests.HomePageTest@1a75e76a]" started-at="2023-11-11T21:24:55 EST" name="loggerSteup" finished-at="2023-11-11T21:24:55 EST" duration-ms="53" status="PASS">
          <reporter-output>
          </reporter-output>
        </test-method> <!-- loggerSteup -->
        <test-method is-config="true" signature="launch()[pri:0, instance:com.naveenautomation.pageTests.HomePageTest@1a75e76a]" started-at="2023-11-11T21:24:55 EST" name="launch" finished-at="2023-11-11T21:25:07 EST" duration-ms="12358" status="PASS">
          <reporter-output>
          </reporter-output>
        </test-method> <!-- launch -->
        <test-method signature="validateCartMessage()[pri:0, instance:com.naveenautomation.pageTests.HomePageTest@1a75e76a]" started-at="2023-11-11T21:25:07 EST" name="validateCartMessage" finished-at="2023-11-11T21:25:11 EST" duration-ms="3760" status="PASS">
          <reporter-output>
          </reporter-output>
        </test-method> <!-- validateCartMessage -->
        <test-method is-config="true" signature="quitBrowser()[pri:0, instance:com.naveenautomation.pageTests.HomePageTest@1a75e76a]" started-at="2023-11-11T21:25:11 EST" name="quitBrowser" finished-at="2023-11-11T21:25:11 EST" duration-ms="160" status="PASS">
          <reporter-output>
          </reporter-output>
        </test-method> <!-- quitBrowser -->
        <test-method is-config="true" signature="launch()[pri:0, instance:com.naveenautomation.pageTests.HomePageTest@1a75e76a]" started-at="2023-11-11T21:25:11 EST" name="launch" finished-at="2023-11-11T21:25:20 EST" duration-ms="8859" status="PASS">
          <reporter-output>
          </reporter-output>
        </test-method> <!-- launch -->
        <test-method signature="validateContactUsEnquiryMessage()[pri:0, instance:com.naveenautomation.pageTests.HomePageTest@1a75e76a]" started-at="2023-11-11T21:25:20 EST" name="validateContactUsEnquiryMessage" finished-at="2023-11-11T21:25:26 EST" duration-ms="5716" status="PASS">
          <reporter-output>
          </reporter-output>
        </test-method> <!-- validateContactUsEnquiryMessage -->
        <test-method is-config="true" signature="quitBrowser()[pri:0, instance:com.naveenautomation.pageTests.HomePageTest@1a75e76a]" started-at="2023-11-11T21:25:26 EST" name="quitBrowser" finished-at="2023-11-11T21:25:26 EST" duration-ms="150" status="PASS">
          <reporter-output>
          </reporter-output>
        </test-method> <!-- quitBrowser -->
        <test-method is-config="true" signature="launch()[pri:0, instance:com.naveenautomation.pageTests.HomePageTest@1a75e76a]" started-at="2023-11-11T21:25:26 EST" name="launch" finished-at="2023-11-11T21:25:34 EST" duration-ms="8289" status="PASS">
          <reporter-output>
          </reporter-output>
        </test-method> <!-- launch -->
        <test-method signature="validateUserCanLogout()[pri:0, instance:com.naveenautomation.pageTests.HomePageTest@1a75e76a]" started-at="2023-11-11T21:25:34 EST" name="validateUserCanLogout" finished-at="2023-11-11T21:25:39 EST" duration-ms="4444" status="PASS">
          <reporter-output>
          </reporter-output>
        </test-method> <!-- validateUserCanLogout -->
        <test-method is-config="true" signature="quitBrowser()[pri:0, instance:com.naveenautomation.pageTests.HomePageTest@1a75e76a]" started-at="2023-11-11T21:25:39 EST" name="quitBrowser" finished-at="2023-11-11T21:25:39 EST" duration-ms="174" status="PASS">
          <reporter-output>
          </reporter-output>
        </test-method> <!-- quitBrowser -->
      </class> <!-- com.naveenautomation.pageTests.HomePageTest -->
      <class name="com.naveenautomation.pageTests.AccountPageTest">
        <test-method is-config="true" signature="loggerSteup()[pri:0, instance:com.naveenautomation.pageTests.AccountPageTest@5386659f]" started-at="2023-11-11T21:26:08 EST" name="loggerSteup" finished-at="2023-11-11T21:26:08 EST" duration-ms="2" status="PASS">
          <reporter-output>
          </reporter-output>
        </test-method> <!-- loggerSteup -->
        <test-method is-config="true" signature="launch()[pri:0, instance:com.naveenautomation.pageTests.AccountPageTest@5386659f]" started-at="2023-11-11T21:26:08 EST" name="launch" finished-at="2023-11-11T21:26:16 EST" duration-ms="8319" status="PASS">
          <reporter-output>
          </reporter-output>
        </test-method> <!-- launch -->
        <test-method signature="validateAccountDownloadsMessage()[pri:0, instance:com.naveenautomation.pageTests.AccountPageTest@5386659f]" started-at="2023-11-11T21:26:16 EST" name="validateAccountDownloadsMessage" finished-at="2023-11-11T21:26:18 EST" duration-ms="2354" status="PASS">
          <reporter-output>
          </reporter-output>
        </test-method> <!-- validateAccountDownloadsMessage -->
        <test-method is-config="true" signature="quitBrowser()[pri:0, instance:com.naveenautomation.pageTests.AccountPageTest@5386659f]" started-at="2023-11-11T21:26:18 EST" name="quitBrowser" finished-at="2023-11-11T21:26:19 EST" duration-ms="117" status="PASS">
          <reporter-output>
          </reporter-output>
        </test-method> <!-- quitBrowser -->
        <test-method is-config="true" signature="launch()[pri:0, instance:com.naveenautomation.pageTests.AccountPageTest@5386659f]" started-at="2023-11-11T21:26:19 EST" name="launch" finished-at="2023-11-11T21:26:28 EST" duration-ms="8710" status="PASS">
          <reporter-output>
          </reporter-output>
        </test-method> <!-- launch -->
        <test-method signature="validateLoginWithMultipleCredentials(java.lang.String,java.lang.String)[pri:0, instance:com.naveenautomation.pageTests.AccountPageTest@5386659f]" started-at="2023-11-11T21:26:28 EST" name="validateLoginWithMultipleCredentials" data-provider="UserCredentials" finished-at="2023-11-11T21:26:29 EST" duration-ms="1134" status="PASS">
          <params>
            <param index="0">
              <value>
                <![CDATA[navenncxe@gmail.com]]>
              </value>
            </param>
            <param index="1">
              <value>
                <![CDATA[abcd]]>
              </value>
            </param>
          </params>
          <reporter-output>
          </reporter-output>
        </test-method> <!-- validateLoginWithMultipleCredentials -->
        <test-method is-config="true" signature="quitBrowser()[pri:0, instance:com.naveenautomation.pageTests.AccountPageTest@5386659f]" started-at="2023-11-11T21:26:29 EST" name="quitBrowser" finished-at="2023-11-11T21:26:29 EST" duration-ms="171" status="PASS">
          <reporter-output>
          </reporter-output>
        </test-method> <!-- quitBrowser -->
        <test-method is-config="true" signature="launch()[pri:0, instance:com.naveenautomation.pageTests.AccountPageTest@5386659f]" started-at="2023-11-11T21:26:29 EST" name="launch" finished-at="2023-11-11T21:26:37 EST" duration-ms="7893" status="PASS">
          <reporter-output>
          </reporter-output>
        </test-method> <!-- launch -->
        <test-method signature="validateLoginWithMultipleCredentials(java.lang.String,java.lang.String)[pri:0, instance:com.naveenautomation.pageTests.AccountPageTest@5386659f]" started-at="2023-11-11T21:26:37 EST" name="validateLoginWithMultipleCredentials" data-provider="UserCredentials" finished-at="2023-11-11T21:26:39 EST" duration-ms="1407" status="PASS">
          <params>
            <param index="0">
              <value>
                <![CDATA[andreas@email.com]]>
              </value>
            </param>
            <param index="1">
              <value>
                <![CDATA[qwerty]]>
              </value>
            </param>
          </params>
          <reporter-output>
          </reporter-output>
        </test-method> <!-- validateLoginWithMultipleCredentials -->
        <test-method is-config="true" signature="quitBrowser()[pri:0, instance:com.naveenautomation.pageTests.AccountPageTest@5386659f]" started-at="2023-11-11T21:26:39 EST" name="quitBrowser" finished-at="2023-11-11T21:26:39 EST" duration-ms="270" status="PASS">
          <reporter-output>
          </reporter-output>
        </test-method> <!-- quitBrowser -->
        <test-method is-config="true" signature="launch()[pri:0, instance:com.naveenautomation.pageTests.AccountPageTest@5386659f]" started-at="2023-11-11T21:26:39 EST" name="launch" finished-at="2023-11-11T21:26:47 EST" duration-ms="7801" status="PASS">
          <reporter-output>
          </reporter-output>
        </test-method> <!-- launch -->
        <test-method signature="validateLoginWithMultipleCredentials(java.lang.String,java.lang.String)[pri:0, instance:com.naveenautomation.pageTests.AccountPageTest@5386659f]" started-at="2023-11-11T21:26:47 EST" name="validateLoginWithMultipleCredentials" data-provider="UserCredentials" finished-at="2023-11-11T21:26:48 EST" duration-ms="1290" status="PASS">
          <params>
            <param index="0">
              <value>
                <![CDATA[naveen@email.com]]>
              </value>
            </param>
            <param index="1">
              <value>
                <![CDATA[abcd]]>
              </value>
            </param>
          </params>
          <reporter-output>
          </reporter-output>
        </test-method> <!-- validateLoginWithMultipleCredentials -->
        <test-method is-config="true" signature="quitBrowser()[pri:0, instance:com.naveenautomation.pageTests.AccountPageTest@5386659f]" started-at="2023-11-11T21:26:48 EST" name="quitBrowser" finished-at="2023-11-11T21:26:48 EST" duration-ms="271" status="PASS">
          <reporter-output>
          </reporter-output>
        </test-method> <!-- quitBrowser -->
        <test-method is-config="true" signature="launch()[pri:0, instance:com.naveenautomation.pageTests.AccountPageTest@5386659f]" started-at="2023-11-11T21:26:48 EST" name="launch" finished-at="2023-11-11T21:26:56 EST" duration-ms="7653" status="PASS">
          <reporter-output>
          </reporter-output>
        </test-method> <!-- launch -->
        <test-method signature="validatePaymentsMessage()[pri:0, instance:com.naveenautomation.pageTests.AccountPageTest@5386659f]" started-at="2023-11-11T21:26:56 EST" name="validatePaymentsMessage" finished-at="2023-11-11T21:26:58 EST" duration-ms="2423" status="PASS">
          <reporter-output>
          </reporter-output>
        </test-method> <!-- validatePaymentsMessage -->
        <test-method is-config="true" signature="quitBrowser()[pri:0, instance:com.naveenautomation.pageTests.AccountPageTest@5386659f]" started-at="2023-11-11T21:26:58 EST" name="quitBrowser" finished-at="2023-11-11T21:26:59 EST" duration-ms="233" status="PASS">
          <reporter-output>
          </reporter-output>
        </test-method> <!-- quitBrowser -->
        <test-method is-config="true" signature="launch()[pri:0, instance:com.naveenautomation.pageTests.AccountPageTest@5386659f]" started-at="2023-11-11T21:26:59 EST" name="launch" finished-at="2023-11-11T21:27:08 EST" duration-ms="9202" status="PASS">
          <reporter-output>
          </reporter-output>
        </test-method> <!-- launch -->
        <test-method signature="validateProductReturnMessage()[pri:0, instance:com.naveenautomation.pageTests.AccountPageTest@5386659f]" started-at="2023-11-11T21:27:08 EST" name="validateProductReturnMessage" finished-at="2023-11-11T21:27:10 EST" duration-ms="2447" status="PASS">
          <reporter-output>
          </reporter-output>
        </test-method> <!-- validateProductReturnMessage -->
        <test-method is-config="true" signature="quitBrowser()[pri:0, instance:com.naveenautomation.pageTests.AccountPageTest@5386659f]" started-at="2023-11-11T21:27:10 EST" name="quitBrowser" finished-at="2023-11-11T21:27:10 EST" duration-ms="161" status="PASS">
          <reporter-output>
          </reporter-output>
        </test-method> <!-- quitBrowser -->
        <test-method is-config="true" signature="launch()[pri:0, instance:com.naveenautomation.pageTests.AccountPageTest@5386659f]" started-at="2023-11-11T21:27:10 EST" name="launch" finished-at="2023-11-11T21:27:18 EST" duration-ms="8138" status="PASS">
          <reporter-output>
          </reporter-output>
        </test-method> <!-- launch -->
        <test-method signature="validateTransactionsPageMessage()[pri:0, instance:com.naveenautomation.pageTests.AccountPageTest@5386659f]" started-at="2023-11-11T21:27:18 EST" name="validateTransactionsPageMessage" finished-at="2023-11-11T21:27:21 EST" duration-ms="2852" status="PASS">
          <reporter-output>
          </reporter-output>
        </test-method> <!-- validateTransactionsPageMessage -->
        <test-method is-config="true" signature="quitBrowser()[pri:0, instance:com.naveenautomation.pageTests.AccountPageTest@5386659f]" started-at="2023-11-11T21:27:21 EST" name="quitBrowser" finished-at="2023-11-11T21:27:21 EST" duration-ms="116" status="PASS">
          <reporter-output>
          </reporter-output>
        </test-method> <!-- quitBrowser -->
        <test-method is-config="true" signature="launch()[pri:0, instance:com.naveenautomation.pageTests.AccountPageTest@5386659f]" started-at="2023-11-11T21:27:21 EST" name="launch" finished-at="2023-11-11T21:27:29 EST" duration-ms="7495" status="PASS">
          <reporter-output>
          </reporter-output>
        </test-method> <!-- launch -->
        <test-method signature="validateUserCanChangePassword()[pri:0, instance:com.naveenautomation.pageTests.AccountPageTest@5386659f]" started-at="2023-11-11T21:27:29 EST" name="validateUserCanChangePassword" finished-at="2023-11-11T21:27:32 EST" duration-ms="2878" status="PASS">
          <reporter-output>
          </reporter-output>
        </test-method> <!-- validateUserCanChangePassword -->
        <test-method is-config="true" signature="quitBrowser()[pri:0, instance:com.naveenautomation.pageTests.AccountPageTest@5386659f]" started-at="2023-11-11T21:27:32 EST" name="quitBrowser" finished-at="2023-11-11T21:27:32 EST" duration-ms="260" status="PASS">
          <reporter-output>
          </reporter-output>
        </test-method> <!-- quitBrowser -->
        <test-method is-config="true" signature="launch()[pri:0, instance:com.naveenautomation.pageTests.AccountPageTest@5386659f]" started-at="2023-11-11T21:27:32 EST" name="launch" finished-at="2023-11-11T21:27:40 EST" duration-ms="7913" status="PASS">
          <reporter-output>
          </reporter-output>
        </test-method> <!-- launch -->
        <test-method signature="validateUserCanLoginWithValidCredentials()[pri:0, instance:com.naveenautomation.pageTests.AccountPageTest@5386659f]" started-at="2023-11-11T21:27:40 EST" name="validateUserCanLoginWithValidCredentials" finished-at="2023-11-11T21:27:42 EST" duration-ms="1566" status="PASS">
          <reporter-output>
          </reporter-output>
        </test-method> <!-- validateUserCanLoginWithValidCredentials -->
        <test-method is-config="true" signature="quitBrowser()[pri:0, instance:com.naveenautomation.pageTests.AccountPageTest@5386659f]" started-at="2023-11-11T21:27:42 EST" name="quitBrowser" finished-at="2023-11-11T21:27:42 EST" duration-ms="115" status="PASS">
          <reporter-output>
          </reporter-output>
        </test-method> <!-- quitBrowser -->
        <test-method is-config="true" signature="launch()[pri:0, instance:com.naveenautomation.pageTests.AccountPageTest@5386659f]" started-at="2023-11-11T21:27:42 EST" name="launch" finished-at="2023-11-11T21:27:50 EST" duration-ms="8023" status="PASS">
          <reporter-output>
          </reporter-output>
        </test-method> <!-- launch -->
        <test-method signature="validateUserCanSubscribeNewsLetter()[pri:0, instance:com.naveenautomation.pageTests.AccountPageTest@5386659f]" started-at="2023-11-11T21:27:50 EST" name="validateUserCanSubscribeNewsLetter" finished-at="2023-11-11T21:27:53 EST" duration-ms="3505" status="PASS">
          <reporter-output>
          </reporter-output>
        </test-method> <!-- validateUserCanSubscribeNewsLetter -->
        <test-method is-config="true" signature="quitBrowser()[pri:0, instance:com.naveenautomation.pageTests.AccountPageTest@5386659f]" started-at="2023-11-11T21:27:53 EST" name="quitBrowser" finished-at="2023-11-11T21:27:53 EST" duration-ms="196" status="PASS">
          <reporter-output>
          </reporter-output>
        </test-method> <!-- quitBrowser -->
        <test-method is-config="true" signature="launch()[pri:0, instance:com.naveenautomation.pageTests.AccountPageTest@5386659f]" started-at="2023-11-11T21:27:53 EST" name="launch" finished-at="2023-11-11T21:28:01 EST" duration-ms="8065" status="PASS">
          <reporter-output>
          </reporter-output>
        </test-method> <!-- launch -->
        <test-method signature="validateUserCanUpdatePersonalInfo()[pri:0, instance:com.naveenautomation.pageTests.AccountPageTest@5386659f]" started-at="2023-11-11T21:28:01 EST" name="validateUserCanUpdatePersonalInfo" finished-at="2023-11-11T21:28:05 EST" duration-ms="3487" status="PASS">
          <reporter-output>
          </reporter-output>
        </test-method> <!-- validateUserCanUpdatePersonalInfo -->
        <test-method is-config="true" signature="quitBrowser()[pri:0, instance:com.naveenautomation.pageTests.AccountPageTest@5386659f]" started-at="2023-11-11T21:28:05 EST" name="quitBrowser" finished-at="2023-11-11T21:28:05 EST" duration-ms="130" status="PASS">
          <reporter-output>
          </reporter-output>
        </test-method> <!-- quitBrowser -->
        <test-method is-config="true" signature="launch()[pri:0, instance:com.naveenautomation.pageTests.AccountPageTest@5386659f]" started-at="2023-11-11T21:28:05 EST" name="launch" finished-at="2023-11-11T21:28:14 EST" duration-ms="8611" status="PASS">
          <reporter-output>
          </reporter-output>
        </test-method> <!-- launch -->
        <test-method signature="validateWishListMessage()[pri:0, instance:com.naveenautomation.pageTests.AccountPageTest@5386659f]" started-at="2023-11-11T21:28:14 EST" name="validateWishListMessage" finished-at="2023-11-11T21:28:16 EST" duration-ms="2571" status="PASS">
          <reporter-output>
          </reporter-output>
        </test-method> <!-- validateWishListMessage -->
        <test-method is-config="true" signature="quitBrowser()[pri:0, instance:com.naveenautomation.pageTests.AccountPageTest@5386659f]" started-at="2023-11-11T21:28:16 EST" name="quitBrowser" finished-at="2023-11-11T21:28:17 EST" duration-ms="298" status="PASS">
          <reporter-output>
          </reporter-output>
        </test-method> <!-- quitBrowser -->
      </class> <!-- com.naveenautomation.pageTests.AccountPageTest -->
      <class name="com.naveenautomation.pageTests.ForgetPasswordTest">
        <test-method is-config="true" signature="loggerSteup()[pri:0, instance:com.naveenautomation.pageTests.ForgetPasswordTest@2767e23c]" started-at="2023-11-11T21:25:39 EST" name="loggerSteup" finished-at="2023-11-11T21:25:39 EST" duration-ms="1" status="PASS">
          <reporter-output>
          </reporter-output>
        </test-method> <!-- loggerSteup -->
        <test-method is-config="true" signature="launch()[pri:0, instance:com.naveenautomation.pageTests.ForgetPasswordTest@2767e23c]" started-at="2023-11-11T21:25:39 EST" name="launch" finished-at="2023-11-11T21:25:47 EST" duration-ms="8346" status="PASS">
          <reporter-output>
          </reporter-output>
        </test-method> <!-- launch -->
        <test-method signature="validateUserCannotChangePwdWithInValidCredentials()[pri:0, instance:com.naveenautomation.pageTests.ForgetPasswordTest@2767e23c]" started-at="2023-11-11T21:25:47 EST" name="validateUserCannotChangePwdWithInValidCredentials" finished-at="2023-11-11T21:25:48 EST" duration-ms="1252" status="PASS">
          <reporter-output>
          </reporter-output>
        </test-method> <!-- validateUserCannotChangePwdWithInValidCredentials -->
        <test-method is-config="true" signature="quitBrowser()[pri:0, instance:com.naveenautomation.pageTests.ForgetPasswordTest@2767e23c]" started-at="2023-11-11T21:25:48 EST" name="quitBrowser" finished-at="2023-11-11T21:25:48 EST" duration-ms="123" status="PASS">
          <reporter-output>
          </reporter-output>
        </test-method> <!-- quitBrowser -->
      </class> <!-- com.naveenautomation.pageTests.ForgetPasswordTest -->
      <class name="com.naveenautomation.pageTests.LoginPageTest">
        <test-method is-config="true" signature="loggerSteup()[pri:0, instance:com.naveenautomation.pageTests.LoginPageTest@710c2b53]" started-at="2023-11-11T21:25:48 EST" name="loggerSteup" finished-at="2023-11-11T21:25:48 EST" duration-ms="1" status="PASS">
          <reporter-output>
          </reporter-output>
        </test-method> <!-- loggerSteup -->
        <test-method is-config="true" signature="launch()[pri:0, instance:com.naveenautomation.pageTests.LoginPageTest@710c2b53]" started-at="2023-11-11T21:25:48 EST" name="launch" finished-at="2023-11-11T21:25:57 EST" duration-ms="8052" status="PASS">
          <reporter-output>
          </reporter-output>
        </test-method> <!-- launch -->
        <test-method signature="validateUserCanAccessFwdPwdWithValidCredentials()[pri:0, instance:com.naveenautomation.pageTests.LoginPageTest@710c2b53]" started-at="2023-11-11T21:25:57 EST" name="validateUserCanAccessFwdPwdWithValidCredentials" finished-at="2023-11-11T21:25:58 EST" duration-ms="1673" status="PASS">
          <reporter-output>
          </reporter-output>
        </test-method> <!-- validateUserCanAccessFwdPwdWithValidCredentials -->
        <test-method is-config="true" signature="quitBrowser()[pri:0, instance:com.naveenautomation.pageTests.LoginPageTest@710c2b53]" started-at="2023-11-11T21:25:58 EST" name="quitBrowser" finished-at="2023-11-11T21:25:58 EST" duration-ms="221" status="PASS">
          <reporter-output>
          </reporter-output>
        </test-method> <!-- quitBrowser -->
        <test-method is-config="true" signature="launch()[pri:0, instance:com.naveenautomation.pageTests.LoginPageTest@710c2b53]" started-at="2023-11-11T21:25:58 EST" name="launch" finished-at="2023-11-11T21:26:07 EST" duration-ms="8200" status="PASS">
          <reporter-output>
          </reporter-output>
        </test-method> <!-- launch -->
        <test-method signature="validateUserCanNotLoginWithInValidCredentials()[pri:0, instance:com.naveenautomation.pageTests.LoginPageTest@710c2b53]" started-at="2023-11-11T21:26:07 EST" name="validateUserCanNotLoginWithInValidCredentials" finished-at="2023-11-11T21:26:08 EST" duration-ms="899" status="PASS">
          <reporter-output>
          </reporter-output>
        </test-method> <!-- validateUserCanNotLoginWithInValidCredentials -->
        <test-method is-config="true" signature="quitBrowser()[pri:0, instance:com.naveenautomation.pageTests.LoginPageTest@710c2b53]" started-at="2023-11-11T21:26:08 EST" name="quitBrowser" finished-at="2023-11-11T21:26:08 EST" duration-ms="229" status="PASS">
          <reporter-output>
          </reporter-output>
        </test-method> <!-- quitBrowser -->
      </class> <!-- com.naveenautomation.pageTests.LoginPageTest -->
    </test> <!-- Test -->
  </suite> <!-- Suite -->
</testng-results>
